This is pdfTeX, Version 3.1415926-2.4-1.40.13 (TeX Live 2012) (format=pdflatex 2012.6.30)  8 AUG 2015 14:21
entering extended mode
 restricted \write18 enabled.
 %&-line parsing enabled.
**&pdflatex prv_wftheory.ini \nonstopmode\nofiles\PassOptionsToPackage{active,t
ightpage,auctex}{preview}\AtBeginDocument{\ifx\ifPreview\undefined\RequirePacka
ge[displaymath,floats,graphics,textmath,sections,footnotes]{preview}[2004/11/05
]\fi} \input wftheory.tex
(./prv_wftheory.ini
LaTeX2e <2011/06/27>
Babel <v3.8m> and hyphenation patterns for english, dumylang, nohyphenation, ge
rman-x-2012-05-30, ngerman-x-2012-05-30, afrikaans, ancientgreek, ibycus, arabi
c, armenian, basque, bulgarian, catalan, pinyin, coptic, croatian, czech, danis
h, dutch, ukenglish, usenglishmax, esperanto, estonian, ethiopic, farsi, finnis
h, french, friulan, galician, german, ngerman, swissgerman, monogreek, greek, h
ungarian, icelandic, assamese, bengali, gujarati, hindi, kannada, malayalam, ma
rathi, oriya, panjabi, tamil, telugu, indonesian, interlingua, irish, italian, 
kurmanji, latin, latvian, lithuanian, mongolian, mongolianlmc, bokmal, nynorsk,
 polish, portuguese, romanian, romansh, russian, sanskrit, serbian, serbianc, s
lovak, slovenian, spanish, swedish, turkish, turkmen, ukrainian, uppersorbian, 
welsh, loaded.
(/usr/local/texlive/2012/texmf-dist/tex/latex/carlisle/mylatex.ltx)
(/usr/local/texlive/2012/texmf-dist/tex/latex/tools/.tex File ignored))
No auxiliary output files.

(./wftheory.tex (/usr/local/texlive/2012/texmf-dist/tex/latex/base/article.cls
Document Class: article 2007/10/19 v1.4h Standard LaTeX document class
(/usr/local/texlive/2012/texmf-dist/tex/latex/base/size10.clo
File: size10.clo 2007/10/19 v1.4h Standard LaTeX file (size option)
)
\c@part=\count79
\c@section=\count80
\c@subsection=\count81
\c@subsubsection=\count82
\c@paragraph=\count83
\c@subparagraph=\count84
\c@figure=\count85
\c@table=\count86
\abovecaptionskip=\skip41
\belowcaptionskip=\skip42
\bibindent=\dimen102
)
LaTeX Font Info:    External font `cmex10' loaded for size
(Font)              <7> on input line 3.
LaTeX Font Info:    External font `cmex10' loaded for size
(Font)              <5> on input line 3.
 )
Beginning to dump on file prv_wftheory.fmt
 (format=prv_wftheory 2015.8.8)
6746 strings of total length 111524
48649 memory locations dumped; current usage is 219&46825
3615 multiletter control sequences
\font\nullfont=nullfont
\font\OMX/cmex/m/n/5=cmex10
\font\tenln=line10
\font\tenlnw=linew10
\font\tencirc=lcircle10
\font\tencircw=lcirclew10
\font\OT1/cmr/m/n/5=cmr5
\font\OT1/cmr/m/n/7=cmr7
\font\OT1/cmr/m/n/10=cmr10
\font\OML/cmm/m/it/5=cmmi5
\font\OML/cmm/m/it/7=cmmi7
\font\OML/cmm/m/it/10=cmmi10
\font\OMS/cmsy/m/n/5=cmsy5
\font\OMS/cmsy/m/n/7=cmsy7
\font\OMS/cmsy/m/n/10=cmsy10
\font\OT1/cmr/m/n/12=cmr12
\font\OT1/cmr/m/n/8=cmr8
\font\OT1/cmr/bx/n/10=cmbx10
\font\OT1/cmr/bx/it/10=cmbxti10
\font\OT1/cmr/m/it/10=cmti10
\font\OT1/cmtt/m/n/10=cmtt10
\font\OT1/cmss/m/n/10=cmss10
5716 words of font info for 21 preloaded fonts
957 hyphenation exceptions
Hyphenation trie of length 322747 has 7937 ops out of 35111
  143 for language 75
  110 for language 74
  138 for language 73
  7 for language 72
  12 for language 71
  127 for language 70
  165 for language 69
  71 for language 68
  248 for language 67
  62 for language 66
  66 for language 65
  119 for language 63
  43 for language 62
  58 for language 61
  7 for language 60
  194 for language 59
  852 for language 58
  852 for language 57
  21 for language 56
  38 for language 55
  77 for language 54
  58 for language 53
  25 for language 52
  27 for language 51
  37 for language 50
  229 for language 49
  38 for language 48
  21 for language 47
  147 for language 35
  185 for language 34
  50 for language 33
  18 for language 32
  369 for language 31
  235 for language 30
  207 for language 29
  76 for language 28
  40 for language 27
  88 for language 26
  31 for language 25
  113 for language 22
  145 for language 21
  377 for language 20
  224 for language 19
  265 for language 18
  60 for language 17
  63 for language 16
  19 for language 15
  14 for language 14
  2 for language 13
  21 for language 12
  12 for language 11
  5 for language 10
  148 for language 7
  97 for language 6
  137 for language 5
  374 for language 4
  387 for language 3
  2 for language 1
  181 for language 0
0 words of pdfTeX memory
0 indirect objects
No pages of output.
PDF statistics:
 0 PDF objects out of 1000 (max. 8388607)
 0 named destinations out of 1000 (max. 500000)
 1 words of extra memory for PDF output out of 10000 (max. 10000000)

